<?xml version="1.0" encoding="utf-8"?>
<coverage line-rate="0.7623000000000001" branch-rate="0.7726999999999999" version="1.9" timestamp="1703082555" lines-covered="77" lines-valid="101" branches-covered="17" branches-valid="22">
  <sources>
    <source>D:\spaceship2.0\SpaceBattle.Lib\</source>
  </sources>
  <packages>
    <package name="SpaceBattle.Lib" line-rate="0.7623000000000001" branch-rate="0.7726999999999999" complexity="40">
      <classes>
        <class name="SpaceBattle.Lib.Angle" filename="Angle.cs" line-rate="1" branch-rate="0.75" complexity="8">
          <methods>
            <method name="op_Addition" signature="(SpaceBattle.Lib.Angle,SpaceBattle.Lib.Angle)" line-rate="1" branch-rate="1" complexity="1">
              <lines>
                <line number="13" hits="3" branch="False" />
                <line number="14" hits="3" branch="False" />
                <line number="15" hits="3" branch="False" />
                <line number="16" hits="3" branch="False" />
              </lines>
            </method>
            <method name="op_Equality" signature="(SpaceBattle.Lib.Angle,SpaceBattle.Lib.Angle)" line-rate="1" branch-rate="1" complexity="1">
              <lines>
                <line number="17" hits="2" branch="False" />
              </lines>
            </method>
            <method name="op_Inequality" signature="(SpaceBattle.Lib.Angle,SpaceBattle.Lib.Angle)" line-rate="1" branch-rate="1" complexity="1">
              <lines>
                <line number="19" hits="2" branch="False" />
              </lines>
            </method>
            <method name="Equals" signature="(System.Object)" line-rate="1" branch-rate="0.5" complexity="2">
              <lines>
                <line number="21" hits="2" branch="True" condition-coverage="50% (1/2)">
                  <conditions>
                    <condition number="8" type="jump" coverage="50%" />
                  </conditions>
                </line>
              </lines>
            </method>
            <method name="GetHashCode" signature="()" line-rate="1" branch-rate="1" complexity="1">
              <lines>
                <line number="23" hits="2" branch="False" />
              </lines>
            </method>
            <method name=".ctor" signature="(System.Double)" line-rate="1" branch-rate="1" complexity="2">
              <lines>
                <line number="6" hits="26" branch="False" />
                <line number="7" hits="26" branch="False" />
                <line number="8" hits="27" branch="True" condition-coverage="100% (2/2)">
                  <conditions>
                    <condition number="22" type="jump" coverage="100%" />
                  </conditions>
                </line>
                <line number="9" hits="25" branch="False" />
                <line number="10" hits="25" branch="False" />
              </lines>
            </method>
          </methods>
          <lines>
            <line number="13" hits="3" branch="False" />
            <line number="14" hits="3" branch="False" />
            <line number="15" hits="3" branch="False" />
            <line number="16" hits="3" branch="False" />
            <line number="17" hits="2" branch="False" />
            <line number="19" hits="2" branch="False" />
            <line number="21" hits="2" branch="True" condition-coverage="50% (1/2)">
              <conditions>
                <condition number="8" type="jump" coverage="50%" />
              </conditions>
            </line>
            <line number="23" hits="2" branch="False" />
            <line number="6" hits="26" branch="False" />
            <line number="7" hits="26" branch="False" />
            <line number="8" hits="27" branch="True" condition-coverage="100% (2/2)">
              <conditions>
                <condition number="22" type="jump" coverage="100%" />
              </conditions>
            </line>
            <line number="9" hits="25" branch="False" />
            <line number="10" hits="25" branch="False" />
          </lines>
        </class>
        <class name="SpaceBattle.Lib.CollisionCheck" filename="CheckCollision.cs" line-rate="0" branch-rate="0" complexity="3">
          <methods>
            <method name="Execute" signature="()" line-rate="0" branch-rate="0" complexity="2">
              <lines>
                <line number="14" hits="0" branch="False" />
                <line number="15" hits="0" branch="False" />
                <line number="17" hits="0" branch="True" condition-coverage="0% (0/2)">
                  <conditions>
                    <condition number="58" type="jump" coverage="0%" />
                  </conditions>
                </line>
                <line number="18" hits="0" branch="False" />
                <line number="19" hits="0" branch="False" />
                <line number="21" hits="0" branch="False" />
              </lines>
            </method>
            <method name=".ctor" signature="(SpaceBattle.Lib.IUObject,SpaceBattle.Lib.IUObject)" line-rate="0" branch-rate="1" complexity="1">
              <lines>
                <line number="7" hits="0" branch="False" />
                <line number="8" hits="0" branch="False" />
                <line number="9" hits="0" branch="False" />
                <line number="10" hits="0" branch="False" />
                <line number="11" hits="0" branch="False" />
              </lines>
            </method>
          </methods>
          <lines>
            <line number="14" hits="0" branch="False" />
            <line number="15" hits="0" branch="False" />
            <line number="17" hits="0" branch="True" condition-coverage="0% (0/2)">
              <conditions>
                <condition number="58" type="jump" coverage="0%" />
              </conditions>
            </line>
            <line number="18" hits="0" branch="False" />
            <line number="19" hits="0" branch="False" />
            <line number="21" hits="0" branch="False" />
            <line number="7" hits="0" branch="False" />
            <line number="8" hits="0" branch="False" />
            <line number="9" hits="0" branch="False" />
            <line number="10" hits="0" branch="False" />
            <line number="11" hits="0" branch="False" />
          </lines>
        </class>
        <class name="SpaceBattle.Lib.GetDiffStrategy" filename="GetDiffStategy.cs" line-rate="0" branch-rate="1" complexity="1">
          <methods>
            <method name="Run" signature="(System.Object[])" line-rate="0" branch-rate="1" complexity="1">
              <lines>
                <line number="7" hits="0" branch="False" />
                <line number="8" hits="0" branch="False" />
                <line number="9" hits="0" branch="False" />
                <line number="11" hits="0" branch="False" />
                <line number="13" hits="0" branch="False" />
                <line number="14" hits="0" branch="False" />
              </lines>
            </method>
          </methods>
          <lines>
            <line number="7" hits="0" branch="False" />
            <line number="8" hits="0" branch="False" />
            <line number="9" hits="0" branch="False" />
            <line number="11" hits="0" branch="False" />
            <line number="13" hits="0" branch="False" />
            <line number="14" hits="0" branch="False" />
          </lines>
        </class>
        <class name="SpaceBattle.Lib.MacroCommand" filename="MacroCommand.cs" line-rate="0.3636" branch-rate="0" complexity="3">
          <methods>
            <method name="Execute" signature="()" line-rate="0" branch-rate="0" complexity="2">
              <lines>
                <line number="11" hits="0" branch="False" />
                <line number="12" hits="0" branch="False" />
                <line number="13" hits="0" branch="True" condition-coverage="0% (0/2)">
                  <conditions>
                    <condition number="37" type="jump" coverage="0%" />
                  </conditions>
                </line>
                <line number="14" hits="0" branch="False" />
                <line number="15" hits="0" branch="False" />
                <line number="16" hits="0" branch="False" />
                <line number="17" hits="0" branch="False" />
              </lines>
            </method>
            <method name=".ctor" signature="(System.Collections.Generic.IEnumerable`1&lt;SpaceBattle.Lib.ICommand&gt;)" line-rate="1" branch-rate="1" complexity="1">
              <lines>
                <line number="5" hits="1" branch="False" />
                <line number="6" hits="1" branch="False" />
                <line number="7" hits="1" branch="False" />
                <line number="8" hits="1" branch="False" />
              </lines>
            </method>
          </methods>
          <lines>
            <line number="11" hits="0" branch="False" />
            <line number="12" hits="0" branch="False" />
            <line number="13" hits="0" branch="True" condition-coverage="0% (0/2)">
              <conditions>
                <condition number="37" type="jump" coverage="0%" />
              </conditions>
            </line>
            <line number="14" hits="0" branch="False" />
            <line number="15" hits="0" branch="False" />
            <line number="16" hits="0" branch="False" />
            <line number="17" hits="0" branch="False" />
            <line number="5" hits="1" branch="False" />
            <line number="6" hits="1" branch="False" />
            <line number="7" hits="1" branch="False" />
            <line number="8" hits="1" branch="False" />
          </lines>
        </class>
        <class name="SpaceBattle.Lib.MacroCommandStrategy" filename="MacroCommandStrategy.cs" line-rate="1" branch-rate="1" complexity="2">
          <methods>
            <method name="Run" signature="(System.Object[])" line-rate="1" branch-rate="1" complexity="2">
              <lines>
                <line number="6" hits="1" branch="False" />
                <line number="7" hits="1" branch="False" />
                <line number="8" hits="1" branch="False" />
                <line number="9" hits="1" branch="False" />
                <line number="10" hits="1" branch="False" />
                <line number="11" hits="1" branch="False" />
                <line number="12" hits="3" branch="True" condition-coverage="100% (2/2)">
                  <conditions>
                    <condition number="99" type="jump" coverage="100%" />
                  </conditions>
                </line>
                <line number="13" hits="2" branch="False" />
                <line number="14" hits="2" branch="False" />
                <line number="15" hits="2" branch="False" />
                <line number="16" hits="1" branch="False" />
                <line number="17" hits="1" branch="False" />
              </lines>
            </method>
          </methods>
          <lines>
            <line number="6" hits="1" branch="False" />
            <line number="7" hits="1" branch="False" />
            <line number="8" hits="1" branch="False" />
            <line number="9" hits="1" branch="False" />
            <line number="10" hits="1" branch="False" />
            <line number="11" hits="1" branch="False" />
            <line number="12" hits="3" branch="True" condition-coverage="100% (2/2)">
              <conditions>
                <condition number="99" type="jump" coverage="100%" />
              </conditions>
            </line>
            <line number="13" hits="2" branch="False" />
            <line number="14" hits="2" branch="False" />
            <line number="15" hits="2" branch="False" />
            <line number="16" hits="1" branch="False" />
            <line number="17" hits="1" branch="False" />
          </lines>
        </class>
        <class name="SpaceBattle.Lib.MoveCommand" filename="MoveCommand.cs" line-rate="1" branch-rate="1" complexity="2">
          <methods>
            <method name="Execute" signature="()" line-rate="1" branch-rate="1" complexity="1">
              <lines>
                <line number="9" hits="4" branch="False" />
              </lines>
            </method>
            <method name=".ctor" signature="(SpaceBattle.Lib.IMovable)" line-rate="1" branch-rate="1" complexity="1">
              <lines>
                <line number="7" hits="8" branch="False" />
              </lines>
            </method>
          </methods>
          <lines>
            <line number="9" hits="4" branch="False" />
            <line number="7" hits="8" branch="False" />
          </lines>
        </class>
        <class name="SpaceBattle.Lib.RotateCommand" filename="RotateCommand.cs" line-rate="1" branch-rate="1" complexity="2">
          <methods>
            <method name="Execute" signature="()" line-rate="1" branch-rate="1" complexity="1">
              <lines>
                <line number="11" hits="4" branch="False" />
                <line number="12" hits="4" branch="False" />
                <line number="13" hits="1" branch="False" />
              </lines>
            </method>
            <method name=".ctor" signature="(SpaceBattle.Lib.IRotatable)" line-rate="1" branch-rate="1" complexity="1">
              <lines>
                <line number="6" hits="4" branch="False" />
                <line number="7" hits="4" branch="False" />
                <line number="8" hits="4" branch="False" />
                <line number="9" hits="4" branch="False" />
              </lines>
            </method>
          </methods>
          <lines>
            <line number="11" hits="4" branch="False" />
            <line number="12" hits="4" branch="False" />
            <line number="13" hits="1" branch="False" />
            <line number="6" hits="4" branch="False" />
            <line number="7" hits="4" branch="False" />
            <line number="8" hits="4" branch="False" />
            <line number="9" hits="4" branch="False" />
          </lines>
        </class>
        <class name="SpaceBattle.Lib.StartMoveCommand" filename="StartMoveCommand.cs" line-rate="1" branch-rate="1" complexity="2">
          <methods>
            <method name="Execute" signature="()" line-rate="1" branch-rate="1" complexity="1">
              <lines>
                <line number="13" hits="1" branch="False" />
                <line number="14" hits="1" branch="False" />
                <line number="15" hits="1" branch="False" />
                <line number="16" hits="1" branch="False" />
                <line number="18" hits="1" branch="False" />
              </lines>
            </method>
            <method name=".ctor" signature="(SpaceBattle.Lib.IMoveCommandStartable)" line-rate="1" branch-rate="1" complexity="1">
              <lines>
                <line number="7" hits="1" branch="False" />
                <line number="8" hits="1" branch="False" />
                <line number="9" hits="1" branch="False" />
                <line number="10" hits="1" branch="False" />
              </lines>
            </method>
          </methods>
          <lines>
            <line number="13" hits="1" branch="False" />
            <line number="14" hits="1" branch="False" />
            <line number="15" hits="1" branch="False" />
            <line number="16" hits="1" branch="False" />
            <line number="18" hits="1" branch="False" />
            <line number="7" hits="1" branch="False" />
            <line number="8" hits="1" branch="False" />
            <line number="9" hits="1" branch="False" />
            <line number="10" hits="1" branch="False" />
          </lines>
        </class>
        <class name="SpaceBattle.Lib.Vector" filename="Vector.cs" line-rate="1" branch-rate="1" complexity="17">
          <methods>
            <method name="get_Item" signature="(System.Int32)" line-rate="1" branch-rate="1" complexity="1">
              <lines>
                <line number="14" hits="34" branch="False" />
                <line number="15" hits="34" branch="False" />
                <line number="16" hits="34" branch="False" />
              </lines>
            </method>
            <method name="set_Item" signature="(System.Int32,System.Int32)" line-rate="1" branch-rate="1" complexity="1">
              <lines>
                <line number="18" hits="1" branch="False" />
                <line number="19" hits="1" branch="False" />
                <line number="20" hits="1" branch="False" />
              </lines>
            </method>
            <method name="op_Addition" signature="(SpaceBattle.Lib.Vector,SpaceBattle.Lib.Vector)" line-rate="1" branch-rate="1" complexity="4">
              <lines>
                <line number="23" hits="4" branch="False" />
                <line number="24" hits="5" branch="True" condition-coverage="100% (2/2)">
                  <conditions>
                    <condition number="20" type="jump" coverage="100%" />
                  </conditions>
                </line>
                <line number="25" hits="3" branch="False" />
                <line number="26" hits="30" branch="True" condition-coverage="100% (2/2)">
                  <conditions>
                    <condition number="77" type="jump" coverage="100%" />
                  </conditions>
                </line>
                <line number="28" hits="3" branch="False" />
                <line number="29" hits="3" branch="False" />
              </lines>
            </method>
            <method name="op_Equality" signature="(SpaceBattle.Lib.Vector,SpaceBattle.Lib.Vector)" line-rate="1" branch-rate="1" complexity="6">
              <lines>
                <line number="31" hits="4" branch="False" />
                <line number="32" hits="5" branch="True" condition-coverage="100% (2/2)">
                  <conditions>
                    <condition number="20" type="jump" coverage="100%" />
                  </conditions>
                </line>
                <line number="33" hits="20" branch="True" condition-coverage="100% (2/2)">
                  <conditions>
                    <condition number="74" type="jump" coverage="100%" />
                  </conditions>
                </line>
                <line number="34" hits="9" branch="True" condition-coverage="100% (2/2)">
                  <conditions>
                    <condition number="51" type="jump" coverage="100%" />
                  </conditions>
                </line>
                <line number="35" hits="2" branch="False" />
                <line number="36" hits="4" branch="False" />
              </lines>
            </method>
            <method name="op_Inequality" signature="(SpaceBattle.Lib.Vector,SpaceBattle.Lib.Vector)" line-rate="1" branch-rate="1" complexity="1">
              <lines>
                <line number="38" hits="1" branch="False" />
                <line number="39" hits="1" branch="False" />
                <line number="40" hits="1" branch="False" />
              </lines>
            </method>
            <method name="Equals" signature="(System.Object)" line-rate="1" branch-rate="1" complexity="2">
              <lines>
                <line number="42" hits="2" branch="True" condition-coverage="100% (2/2)">
                  <conditions>
                    <condition number="8" type="jump" coverage="100%" />
                  </conditions>
                </line>
              </lines>
            </method>
            <method name="GetHashCode" signature="()" line-rate="1" branch-rate="1" complexity="1">
              <lines>
                <line number="45" hits="2" branch="False" />
                <line number="46" hits="10" branch="False" />
                <line number="47" hits="2" branch="False" />
              </lines>
            </method>
            <method name=".ctor" signature="(System.Int32[])" line-rate="1" branch-rate="1" complexity="1">
              <lines>
                <line number="6" hits="28" branch="False" />
                <line number="7" hits="28" branch="False" />
                <line number="8" hits="28" branch="False" />
                <line number="9" hits="28" branch="False" />
                <line number="10" hits="28" branch="False" />
              </lines>
            </method>
          </methods>
          <lines>
            <line number="14" hits="34" branch="False" />
            <line number="15" hits="34" branch="False" />
            <line number="16" hits="34" branch="False" />
            <line number="18" hits="1" branch="False" />
            <line number="19" hits="1" branch="False" />
            <line number="20" hits="1" branch="False" />
            <line number="23" hits="4" branch="False" />
            <line number="24" hits="5" branch="True" condition-coverage="100% (2/2)">
              <conditions>
                <condition number="20" type="jump" coverage="100%" />
              </conditions>
            </line>
            <line number="25" hits="3" branch="False" />
            <line number="26" hits="30" branch="True" condition-coverage="100% (2/2)">
              <conditions>
                <condition number="77" type="jump" coverage="100%" />
              </conditions>
            </line>
            <line number="28" hits="3" branch="False" />
            <line number="29" hits="3" branch="False" />
            <line number="31" hits="4" branch="False" />
            <line number="32" hits="5" branch="True" condition-coverage="100% (2/2)">
              <conditions>
                <condition number="20" type="jump" coverage="100%" />
              </conditions>
            </line>
            <line number="33" hits="20" branch="True" condition-coverage="100% (2/2)">
              <conditions>
                <condition number="74" type="jump" coverage="100%" />
              </conditions>
            </line>
            <line number="34" hits="9" branch="True" condition-coverage="100% (2/2)">
              <conditions>
                <condition number="51" type="jump" coverage="100%" />
              </conditions>
            </line>
            <line number="35" hits="2" branch="False" />
            <line number="36" hits="4" branch="False" />
            <line number="38" hits="1" branch="False" />
            <line number="39" hits="1" branch="False" />
            <line number="40" hits="1" branch="False" />
            <line number="42" hits="2" branch="True" condition-coverage="100% (2/2)">
              <conditions>
                <condition number="8" type="jump" coverage="100%" />
              </conditions>
            </line>
            <line number="45" hits="2" branch="False" />
            <line number="46" hits="10" branch="False" />
            <line number="47" hits="2" branch="False" />
            <line number="6" hits="28" branch="False" />
            <line number="7" hits="28" branch="False" />
            <line number="8" hits="28" branch="False" />
            <line number="9" hits="28" branch="False" />
            <line number="10" hits="28" branch="False" />
          </lines>
        </class>
      </classes>
    </package>
  </packages>
</coverage>
